{"/Users/christanismerilbanzouzi/Desktop/formation_doussou/jest/testing_react_component/src/Link.tsx": {"path":"/Users/christanismerilbanzouzi/Desktop/formation_doussou/jest/testing_react_component/src/Link.tsx","statementMap":{"0":{"start":{"line":2,"column":0},"end":{"line":2,"column":31}},"1":{"start":{"line":3,"column":0},"end":{"line":3,"column":25}},"2":{"start":{"line":4,"column":15},"end":{"line":7,"column":2}},"3":{"start":{"line":9,"column":30},"end":{"line":9,"column":34}},"4":{"start":{"line":9,"column":36},"end":{"line":9,"column":44}},"5":{"start":{"line":10,"column":8},"end":{"line":10,"column":9}},"6":{"start":{"line":10,"column":9},"end":{"line":10,"column":15}},"7":{"start":{"line":10,"column":17},"end":{"line":10,"column":53}},"8":{"start":{"line":12,"column":23},"end":{"line":14,"column":3}},"9":{"start":{"line":13,"column":4},"end":{"line":13,"column":30}},"10":{"start":{"line":16,"column":23},"end":{"line":18,"column":3}},"11":{"start":{"line":17,"column":4},"end":{"line":17,"column":29}},"12":{"start":{"line":20,"column":2},"end":{"line":29,"column":4}},"13":{"start":{"line":9,"column":0},"end":{"line":9,"column":24}}},"fnMap":{"0":{"name":"Link","decl":{"start":{"line":9,"column":24},"end":{"line":9,"column":28}},"loc":{"start":{"line":9,"column":45},"end":{"line":30,"column":1}}},"1":{"name":"(anonymous_2)","decl":{"start":{"line":12,"column":23},"end":{"line":12,"column":null}},"loc":{"start":{"line":12,"column":23},"end":{"line":14,"column":3}}},"2":{"name":"(anonymous_3)","decl":{"start":{"line":16,"column":23},"end":{"line":16,"column":null}},"loc":{"start":{"line":16,"column":23},"end":{"line":18,"column":3}}}},"branchMap":{"0":{"loc":{"start":{"line":23,"column":12},"end":{"line":23,"column":16}},"type":"binary-expr","locations":[{"start":{"line":23,"column":12},"end":{"line":23,"column":16}},{"start":{"line":23,"column":20},"end":{"line":23,"column":23}}]}},"s":{"0":1,"1":1,"2":1,"3":1,"4":1,"5":1,"6":1,"7":1,"8":1,"9":0,"10":1,"11":0,"12":1,"13":1},"f":{"0":1,"1":0,"2":0},"b":{"0":[1,0]}}
,"/Users/christanismerilbanzouzi/Desktop/formation_doussou/jest/testing_react_component/src/LoginForm.tsx": {"path":"/Users/christanismerilbanzouzi/Desktop/formation_doussou/jest/testing_react_component/src/LoginForm.tsx","statementMap":{"0":{"start":{"line":1,"column":0},"end":{"line":1,"column":26}},"1":{"start":{"line":12,"column":8},"end":{"line":12,"column":9}},"2":{"start":{"line":12,"column":9},"end":{"line":12,"column":17}},"3":{"start":{"line":12,"column":19},"end":{"line":12,"column":52}},"4":{"start":{"line":13,"column":8},"end":{"line":13,"column":9}},"5":{"start":{"line":13,"column":9},"end":{"line":13,"column":17}},"6":{"start":{"line":13,"column":19},"end":{"line":13,"column":52}},"7":{"start":{"line":14,"column":8},"end":{"line":14,"column":9}},"8":{"start":{"line":14,"column":9},"end":{"line":14,"column":17}},"9":{"start":{"line":14,"column":19},"end":{"line":14,"column":70}},"10":{"start":{"line":16,"column":31},"end":{"line":20,"column":3}},"11":{"start":{"line":17,"column":12},"end":{"line":17,"column":17}},"12":{"start":{"line":18,"column":4},"end":{"line":18,"column":23}},"13":{"start":{"line":19,"column":4},"end":{"line":19,"column":34}},"14":{"start":{"line":22,"column":31},"end":{"line":26,"column":3}},"15":{"start":{"line":23,"column":12},"end":{"line":23,"column":17}},"16":{"start":{"line":24,"column":4},"end":{"line":24,"column":23}},"17":{"start":{"line":25,"column":4},"end":{"line":25,"column":34}},"18":{"start":{"line":28,"column":31},"end":{"line":32,"column":3}},"19":{"start":{"line":29,"column":12},"end":{"line":29,"column":19}},"20":{"start":{"line":30,"column":4},"end":{"line":30,"column":25}},"21":{"start":{"line":31,"column":4},"end":{"line":31,"column":36}},"22":{"start":{"line":34,"column":23},"end":{"line":37,"column":3}},"23":{"start":{"line":35,"column":4},"end":{"line":35,"column":23}},"24":{"start":{"line":36,"column":4},"end":{"line":36,"column":49}},"25":{"start":{"line":39,"column":2},"end":{"line":74,"column":4}},"26":{"start":{"line":77,"column":0},"end":{"line":77,"column":25}}},"fnMap":{"0":{"name":"LoginForm","decl":{"start":{"line":11,"column":9},"end":{"line":11,"column":18}},"loc":{"start":{"line":11,"column":31},"end":{"line":75,"column":1}}},"1":{"name":"(anonymous_2)","decl":{"start":{"line":16,"column":31},"end":{"line":16,"column":32}},"loc":{"start":{"line":16,"column":70},"end":{"line":20,"column":3}}},"2":{"name":"(anonymous_3)","decl":{"start":{"line":22,"column":31},"end":{"line":22,"column":32}},"loc":{"start":{"line":22,"column":70},"end":{"line":26,"column":3}}},"3":{"name":"(anonymous_4)","decl":{"start":{"line":28,"column":31},"end":{"line":28,"column":32}},"loc":{"start":{"line":28,"column":70},"end":{"line":32,"column":3}}},"4":{"name":"(anonymous_5)","decl":{"start":{"line":34,"column":23},"end":{"line":34,"column":24}},"loc":{"start":{"line":34,"column":42},"end":{"line":37,"column":3}}}},"branchMap":{},"s":{"0":1,"1":12,"2":12,"3":12,"4":12,"5":12,"6":12,"7":12,"8":12,"9":12,"10":12,"11":2,"12":2,"13":2,"14":12,"15":2,"16":2,"17":2,"18":12,"19":3,"20":3,"21":3,"22":12,"23":1,"24":1,"25":12,"26":1},"f":{"0":12,"1":2,"2":2,"3":3,"4":1},"b":{}}
}
