TN:
SF:/Users/christanismerilbanzouzi/Desktop/formation_doussou/jest/testing_react_component/src/Link.tsx
FN:9,Link
FN:12,(anonymous_2)
FN:16,(anonymous_3)
FNF:3
FNH:1
FNDA:1,Link
FNDA:0,(anonymous_2)
FNDA:0,(anonymous_3)
DA:2,1
DA:3,1
DA:4,1
DA:9,1
DA:10,1
DA:12,1
DA:13,0
DA:16,1
DA:17,0
DA:20,1
LF:10
LH:8
BRDA:23,0,0,1
BRDA:23,0,1,0
BRF:2
BRH:1
end_of_record
TN:
SF:/Users/christanismerilbanzouzi/Desktop/formation_doussou/jest/testing_react_component/src/LoginForm.tsx
FN:11,LoginForm
FN:16,(anonymous_2)
FN:22,(anonymous_3)
FN:28,(anonymous_4)
FN:34,(anonymous_5)
FNF:5
FNH:5
FNDA:12,LoginForm
FNDA:2,(anonymous_2)
FNDA:2,(anonymous_3)
FNDA:3,(anonymous_4)
FNDA:1,(anonymous_5)
DA:1,1
DA:12,12
DA:13,12
DA:14,12
DA:16,12
DA:17,2
DA:18,2
DA:19,2
DA:22,12
DA:23,2
DA:24,2
DA:25,2
DA:28,12
DA:29,3
DA:30,3
DA:31,3
DA:34,12
DA:35,1
DA:36,1
DA:39,12
DA:77,1
LF:21
LH:21
BRF:0
BRH:0
end_of_record
